The magic happens on port 8080
{ keyword: '15', category: undefined }
reviewList Length : 0
{ id: '15',
  property_name: 'Satellite Elegance',
  address1: 'Jodhpur cross road',
  address2: 'Satellite',
  property_desc: 'sdfs dsf dsfdsf',
  user_id: 1,
  status: 2,
  created_date: '2018-03-24 11:39:19',
  property_images: 'property_image_502_1521873005192.PNG,property_image_83_1521871759697.PNG',
  property_images_count: 2,
  category_id: 1,
  reviews: [],
  category_name: 'Club',
  user_type: 2,
  contact_number: 9228723322,
  first_name: 'Rushabhkumar',
  last_name: 'Khatri',
  mail: 'rushabhmadhu@gmail.com',
  total_reviews: 0,
  avg_review_rating: NaN,
  review_types: { one: 0, two: 0, three: 0, four: 0, five: 0 } }
[0mGET /property/property-details?id=15 [32m200 [0m165.605 ms - 23414[0m
[0mGET /frontend_assets/vendor/bootstrap/css/bootstrap.min.css [36m304 [0m10.589 ms - -[0m
[0mGET /frontend_assets/vendor/font-awesome/css/font-awesome.min.css [36m304 [0m10.513 ms - -[0m
[0mGET /frontend_assets/vendor/simple-line-icons/css/simple-line-icons.css [36m304 [0m11.262 ms - -[0m
[0mGET /frontend_assets/css/YouTubePopUp.css [36m304 [0m4.038 ms - -[0m
[0mGET /frontend_assets/css/rating.css [36m304 [0m3.932 ms - -[0m
[0mGET /frontend_assets/css/owl.carousel.min.css [36m304 [0m4.415 ms - -[0m
[0mGET /frontend_assets/css/style.css [32m200 [0m34.608 ms - 60715[0m
[0mGET /frontend_assets/css/owl.theme.default.min.css [36m304 [0m13.213 ms - -[0m
[0mGET /frontend_assets/css/pop-up.min.css [36m304 [0m4.716 ms - -[0m
[0mGET /frontend_assets/css/colorbox.css [36m304 [0m10.433 ms - -[0m
[0mGET /css/developer_basic.css [36m304 [0m16.481 ms - -[0m
[0mGET /js/core/jquery.min.js [36m304 [0m1.158 ms - -[0m
[0mGET /frontend_assets/vendor/jquery/jquery.min.js [36m304 [0m1.463 ms - -[0m
[0mGET /js/validation/jquery.validate.js [36m304 [0m1.482 ms - -[0m
[0mGET /js/validation/additional-methods.js [36m304 [0m1.545 ms - -[0m
[0mGET /js/plugins/sweetalert/sweetalert.js [36m304 [0m1.783 ms - -[0m
[0mGET /frontend_assets/js/YouTubePopUp.jquery.js [36m304 [0m1.407 ms - -[0m
[0mGET /frontend_assets/js/owl.carousel.min.js [36m304 [0m1.188 ms - -[0m
[0mGET /frontend_assets/js/script.min.js [36m304 [0m1.551 ms - -[0m
[0mGET /frontend_assets/js/handlebars.min.js [36m304 [0m1.256 ms - -[0m
[0mGET /frontend_assets/js/jquery.colorbox.js [36m304 [0m1.396 ms - -[0m
[0mGET /frontend_assets/vendor/bootstrap/js/bootstrap.bundle.min.js [36m304 [0m1.763 ms - -[0m
[0mGET /js/validation/createlistingvalidation.js [36m304 [0m0.963 ms - -[0m
[0mGET /frontend_assets/img/revstance-logo.png [36m304 [0m1.174 ms - -[0m
[0mGET /uploads/property_image_502_1521873005192.PNG [36m304 [0m1.628 ms - -[0m
[0mGET /uploads/property_image_83_1521871759697.PNG [36m304 [0m1.243 ms - -[0m
[0mGET /frontend_assets/vendor/bootstrap/css/bootstrap.min.css.map [36m304 [0m4.899 ms - -[0m
[0mGET /frontend_assets/img/footer-circle-bg.png [36m304 [0m4.168 ms - -[0m
[0mGET /frontend_assets/img/main-footer.svg [36m304 [0m4.010 ms - -[0m
[0mGET /frontend_assets/img/icons.png [36m304 [0m1.472 ms - -[0m
[0mGET /frontend_assets/img/star-icons.png [36m304 [0m1.961 ms - -[0m
[0mGET /frontend_assets/img/header-background-new.png [36m304 [0m1.456 ms - -[0m
[0mGET /frontend_assets/vendor/font-awesome/fonts/fontawesome-webfont.woff2?v=4.7.0 [36m304 [0m2.077 ms - -[0m
[0mGET /frontend_assets/js/script.min.js.map [33m404 [0m14.162 ms - 1142[0m
[0mGET /frontend_assets/vendor/bootstrap/js/bootstrap.bundle.min.js.map [36m304 [0m1.750 ms - -[0m
[0mGET /frontend_assets/img/overlay.png [36m304 [0m1.773 ms - -[0m
